2019-11-07 18:25:28 INFO  ApplicationUtility:32 - Browser Driver is now initilized.
2019-11-07 18:25:31 INFO  ApplicationUtility:24 - Domain submission: Passed
2019-11-07 18:25:41 INFO  ApplicationUtility:30 - SignIn is successful: Passed
2019-11-07 18:26:09 INFO  ApplicationUtility:135 - Successfully created Inquiry: Passed
2019-11-07 18:26:15 INFO  ApplicationUtility:23 - SignOut submission: Passed
2019-11-07 18:26:21 INFO  ApplicationUtility:32 - Browser Driver is now initilized.
2019-11-07 18:26:23 ERROR ApplicationUtility:26 - Domain submission: Failed
2019-11-07 18:26:43 INFO  ApplicationUtility:30 - SignIn is successful: Passed
2019-11-07 18:27:11 INFO  ApplicationUtility:48 - Create inquiry(submit) button should not be Clickable with Invalid Values: Passed
2019-11-07 18:27:20 INFO  ApplicationUtility:32 - Create inquiry(submit) button should not be Clickable with Blank Values: Passed
2019-11-07 18:27:24 INFO  ApplicationUtility:23 - SignOut submission: Passed
2019-11-07 18:27:30 INFO  ApplicationUtility:32 - Browser Driver is now initilized.
2019-11-07 18:27:32 INFO  ApplicationUtility:24 - Domain submission: Passed
2019-11-07 18:27:41 INFO  ApplicationUtility:30 - SignIn is successful: Passed
2019-11-07 18:27:43 INFO  ApplicationUtility:28 - First Inquiry is selected and opened: Passed
2019-11-07 18:29:08 INFO  ApplicationUtility:35 - Inquiry has been archived.
2019-11-07 18:29:22 INFO  ApplicationUtility:78 - Inquiry has been unArchived.
2019-11-07 18:29:48 INFO  ApplicationUtility:57 - Inquiry Title changed Successfully: Passed
2019-11-07 19:52:37 INFO  ApplicationUtility:32 - Browser Driver is now initilized.
2019-11-07 19:52:40 INFO  ApplicationUtility:24 - Domain submission: Passed
2019-11-07 19:52:49 INFO  ApplicationUtility:30 - SignIn is successful: Passed
2019-11-07 19:52:51 INFO  ApplicationUtility:28 - First Inquiry is selected and opened: Passed
2019-11-07 19:52:58 INFO  ApplicationUtility:23 - SignOut submission: Passed
2019-11-07 19:54:58 INFO  ApplicationUtility:32 - Browser Driver is now initilized.
2019-11-07 19:55:00 INFO  ApplicationUtility:24 - Domain submission: Passed
2019-11-07 19:55:10 INFO  ApplicationUtility:30 - SignIn is successful: Passed
2019-11-07 19:55:11 INFO  ApplicationUtility:28 - First Inquiry is selected and opened: Passed
2019-11-07 19:55:50 INFO  ApplicationUtility:32 - Browser Driver is now initilized.
2019-11-07 19:55:53 INFO  ApplicationUtility:24 - Domain submission: Passed
2019-11-07 19:56:02 INFO  ApplicationUtility:30 - SignIn is successful: Passed
2019-11-07 19:56:04 INFO  ApplicationUtility:28 - First Inquiry is selected and opened: Passed
2019-11-07 19:58:10 INFO  ApplicationUtility:32 - Browser Driver is now initilized.
2019-11-07 19:58:12 INFO  ApplicationUtility:24 - Domain submission: Passed
2019-11-07 19:58:21 INFO  ApplicationUtility:30 - SignIn is successful: Passed
2019-11-07 19:58:23 INFO  ApplicationUtility:28 - First Inquiry is selected and opened: Passed
2019-11-07 20:00:25 INFO  ApplicationUtility:32 - Browser Driver is now initilized.
2019-11-07 20:00:28 INFO  ApplicationUtility:24 - Domain submission: Passed
2019-11-07 20:00:37 INFO  ApplicationUtility:30 - SignIn is successful: Passed
2019-11-07 20:00:38 INFO  ApplicationUtility:28 - First Inquiry is selected and opened: Passed
2019-11-07 20:00:46 ERROR ApplicationUtility:21 - Chat Message sent Successfully: Passed
2019-11-08 11:48:45 INFO  ApplicationUtility:32 - Browser Driver is now initilized.
2019-11-08 11:48:48 INFO  ApplicationUtility:24 - Domain submission: Passed
2019-11-08 11:48:57 INFO  ApplicationUtility:30 - SignIn is successful: Passed
2019-11-08 11:49:26 INFO  ApplicationUtility:135 - Successfully created Inquiry: Passed
2019-11-08 11:49:32 INFO  ApplicationUtility:23 - SignOut submission: Passed
2019-11-08 11:49:38 INFO  ApplicationUtility:32 - Browser Driver is now initilized.
2019-11-08 11:49:41 INFO  ApplicationUtility:24 - Domain submission: Passed
2019-11-08 11:49:57 INFO  ApplicationUtility:30 - SignIn is successful: Passed
2019-11-08 11:50:19 INFO  ApplicationUtility:48 - Create inquiry(submit) button should not be Clickable with Invalid Values: Passed
2019-11-08 11:50:28 INFO  ApplicationUtility:32 - Create inquiry(submit) button should not be Clickable with Blank Values: Passed
2019-11-08 11:50:31 INFO  ApplicationUtility:23 - SignOut submission: Passed
2019-11-08 11:50:36 INFO  ApplicationUtility:32 - Browser Driver is now initilized.
2019-11-08 11:50:39 INFO  ApplicationUtility:24 - Domain submission: Passed
2019-11-08 11:50:48 INFO  ApplicationUtility:30 - SignIn is successful: Passed
2019-11-08 11:50:50 INFO  ApplicationUtility:28 - First Inquiry is selected and opened: Passed
2019-11-08 11:50:57 ERROR ApplicationUtility:21 - Chat Message sent Successfully: Passed
2019-11-08 11:52:19 INFO  ApplicationUtility:35 - Inquiry has been archived.
2019-11-08 11:52:33 INFO  ApplicationUtility:78 - Inquiry has been unArchived.
2019-11-08 11:52:58 INFO  ApplicationUtility:57 - Inquiry Title changed Successfully: Passed
2019-11-08 11:53:01 INFO  ApplicationUtility:23 - SignOut submission: Passed
2019-11-08 11:55:55 INFO  ApplicationUtility:32 - Browser Driver is now initilized.
2019-11-08 11:55:59 INFO  ApplicationUtility:24 - Need help valid popup opened: Passed
2019-11-08 11:56:07 ERROR ApplicationUtility:48 - Need help valid Submit Ticket Page opened: Failed
2019-11-08 11:56:15 INFO  ApplicationUtility:67 - Need help valid Network Test Page opened: Passed
2019-11-08 11:56:23 INFO  ApplicationUtility:32 - Browser Driver is now initilized.
2019-11-08 11:56:25 INFO  ApplicationUtility:24 - Domain submission: Passed
2019-11-08 11:56:26 INFO  ApplicationUtility:30 - Browser is closed after execution.
2019-11-08 11:56:31 INFO  ApplicationUtility:32 - Browser Driver is now initilized.
2019-11-08 11:56:34 INFO  ApplicationUtility:21 - Blank Domain submission is not allowed: Passed
2019-11-08 11:56:47 INFO  ApplicationUtility:35 - Not registered user is not allowed: Passed
2019-11-08 11:56:53 INFO  ApplicationUtility:32 - Browser Driver is now initilized.
2019-11-08 11:56:56 INFO  ApplicationUtility:24 - Domain submission: Passed
2019-11-08 11:57:00 INFO  ApplicationUtility:28 - Forgot Password's reset link sent: Passed
2019-11-08 11:57:06 INFO  ApplicationUtility:32 - Browser Driver is now initilized.
2019-11-08 11:57:08 INFO  ApplicationUtility:24 - Domain submission: Passed
2019-11-08 11:57:12 ERROR ApplicationUtility:27 - Forgot Password blank Email Submission not allowed: Failed
2019-11-08 11:57:16 INFO  ApplicationUtility:29 - Forgot Password Invalid Email Submission not allowed: Passed
2019-11-08 11:57:20 INFO  ApplicationUtility:29 - Forgot Password blank Email Submission not allowed: Passed
2019-11-08 11:57:25 INFO  ApplicationUtility:29 - Forgot Password Invalid Email Submission not allowed: Passed
2019-11-08 11:57:29 INFO  ApplicationUtility:29 - Forgot Password blank Email Submission not allowed: Passed
2019-11-08 11:57:35 INFO  ApplicationUtility:32 - Browser Driver is now initilized.
2019-11-08 11:57:38 INFO  ApplicationUtility:24 - Domain submission: Passed
2019-11-08 11:57:50 INFO  ApplicationUtility:30 - SignIn is successful: Passed
2019-11-08 11:57:53 INFO  ApplicationUtility:23 - SignOut submission: Passed
2019-11-08 11:58:01 INFO  ApplicationUtility:32 - Browser Driver is now initilized.
2019-11-08 11:58:03 ERROR ApplicationUtility:26 - Domain submission: Failed
2019-11-08 11:58:06 INFO  ApplicationUtility:25 - Blank Email and Password submission is not allowed: Passed
2019-11-08 11:58:10 INFO  ApplicationUtility:27 - Blank Email submission is not allowed: Passed
2019-11-08 11:58:18 INFO  ApplicationUtility:29 - Blank Password submission is not allowed: Passed
2019-11-08 11:58:29 INFO  ApplicationUtility:31 - Invalid Email and Password submission is not allowed: Passed
2019-11-08 11:58:51 INFO  ApplicationUtility:32 - Browser Driver is now initilized.
2019-11-08 11:58:54 INFO  ApplicationUtility:24 - Domain submission: Passed
2019-11-08 11:59:03 INFO  ApplicationUtility:30 - SignIn is successful: Passed
2019-11-08 11:59:33 INFO  ApplicationUtility:23 - SignOut submission: Passed
2019-11-08 11:59:35 INFO  ApplicationUtility:24 - Domain submission: Passed
2019-11-08 11:59:43 INFO  ApplicationUtility:28 - SignIn for SignUp is successful: Passed
2019-11-08 11:59:48 INFO  ApplicationUtility:32 - Browser Driver is now initilized.
2019-11-08 11:59:51 INFO  ApplicationUtility:24 - Domain submission: Passed
2019-11-08 12:00:00 INFO  ApplicationUtility:30 - SignIn is successful: Passed
2019-11-08 12:00:31 INFO  ApplicationUtility:23 - SignOut submission: Passed
2019-11-08 12:00:33 INFO  ApplicationUtility:24 - Domain submission: Passed
2019-11-08 12:00:43 INFO  ApplicationUtility:28 - SignIn for SignUp is successful: Passed
2019-11-08 12:00:48 INFO  ApplicationUtility:32 - Browser Driver is now initilized.
2019-11-08 12:00:50 INFO  ApplicationUtility:24 - Domain submission: Passed
2019-11-08 12:01:02 INFO  ApplicationUtility:30 - SignIn is successful: Passed
2019-11-08 12:01:13 INFO  ApplicationUtility:30 - Add User(submit) button of Email should not be Clickable with Blank Values: Passed
2019-11-08 12:01:21 INFO  ApplicationUtility:32 - Add User(submit) button of UserID should not be Clickable with Blank Values: Passed
2019-11-08 12:01:49 INFO  ApplicationUtility:60 - Add User(submit) button of UserID should not be Clickable with Invalid Value: Passed
2019-11-08 12:01:54 INFO  ApplicationUtility:32 - Browser Driver is now initilized.
2019-11-08 12:01:57 INFO  ApplicationUtility:24 - Domain submission: Passed
2019-11-08 12:02:01 INFO  ApplicationUtility:32 - Blank Email/UserId Verification not allowed: Passed
2019-11-08 12:02:04 INFO  ApplicationUtility:29 - Invalid Email Verification not allowed: Passed
2019-11-08 12:02:07 INFO  ApplicationUtility:29 - Not Registered Email Verification not allowed: Passed
2019-11-08 12:02:10 INFO  ApplicationUtility:29 - Invalid UserID Verification not allowed: Passed
2019-11-08 12:02:12 INFO  ApplicationUtility:30 - Not Registered UserID Verification not allowed: Passed
2019-11-08 12:02:18 INFO  ApplicationUtility:32 - Browser Driver is now initilized.
2019-11-08 12:02:21 INFO  ApplicationUtility:24 - Domain submission: Passed
2019-11-08 12:02:31 INFO  ApplicationUtility:30 - SignIn is successful: Passed
2019-11-08 12:02:54 INFO  ApplicationUtility:23 - SignOut submission: Passed
2019-11-08 12:02:56 INFO  ApplicationUtility:24 - Domain submission: Passed
2019-11-08 12:03:27 INFO  ApplicationUtility:32 - Browser Driver is now initilized.
2019-11-08 12:03:30 INFO  ApplicationUtility:24 - Domain submission: Passed
2019-11-08 12:03:40 INFO  ApplicationUtility:30 - SignIn is successful: Passed
2019-11-08 12:04:05 INFO  ApplicationUtility:23 - SignOut submission: Passed
2019-11-08 12:04:08 INFO  ApplicationUtility:24 - Domain submission: Passed
2019-11-08 12:37:52 INFO  ApplicationUtility:32 - Browser Driver is now initilized.
2019-11-08 12:37:54 ERROR ApplicationUtility:26 - Domain submission: Failed
2019-11-08 12:38:16 INFO  ApplicationUtility:34 - Valid Email and Invalid Password submission for more than 4 attempts not allowed: Passed
